2026-06-08T23:04:08.997-04:00  INFO 7668 --- [promociones] [main] c.k.m.MsPromocionesApplication           : Starting MsPromocionesApplication using Java 25.0.2 with PID 7668 (C:\Users\erick\Downloads\FullStack\bibliotecaduoc-master\kiosko-promociones\target\classes started by erick in C:\Users\erick\Downloads\FullStack\bibliotecaduoc-master\kiosko-promociones)
2026-06-08T23:04:09.001-04:00  INFO 7668 --- [promociones] [main] c.k.m.MsPromocionesApplication           : No active profile set, falling back to 1 default profile: "default"
2026-06-08T23:04:10.670-04:00  WARN 7668 --- [promociones] [main] o.f.c.internal.database.base.Database    : Using MySQL 8.4 which is newer than the version Flyway has been verified with. The latest verified version of MySQL is 8.1.
2026-06-08T23:04:12.421-04:00  WARN 7668 --- [promociones] [main] JpaBaseConfiguration$JpaWebConfiguration : spring.jpa.open-in-view is enabled by default. Therefore, database queries may be performed during view rendering. Explicitly configure spring.jpa.open-in-view to disable this warning
2026-06-08T23:04:12.491-04:00 DEBUG 7668 --- [promociones] [main] s.w.s.m.m.a.RequestMappingHandlerMapping : 12 mappings in 'requestMappingHandlerMapping'
2026-06-08T23:04:12.516-04:00 DEBUG 7668 --- [promociones] [main] o.s.w.s.handler.SimpleUrlHandlerMapping  : Patterns [/webjars/**, /**, /doc/swagger-ui*/*swagger-initializer.js, /doc/swagger-ui*/**] in 'resourceHandlerMapping'
2026-06-08T23:04:12.535-04:00 DEBUG 7668 --- [promociones] [main] s.w.s.m.m.a.RequestMappingHandlerAdapter : ControllerAdvice beans: 0 @ModelAttribute, 0 @InitBinder, 2 RequestBodyAdvice, 1 ResponseBodyAdvice
2026-06-08T23:04:12.566-04:00 DEBUG 7668 --- [promociones] [main] .m.m.a.ExceptionHandlerExceptionResolver : ControllerAdvice beans: 2 @ExceptionHandler, 1 ResponseBodyAdvice
2026-06-08T23:04:12.711-04:00  INFO 7668 --- [promociones] [main] c.k.m.MsPromocionesApplication           : Started MsPromocionesApplication in 4.09 seconds (process running for 4.772)
2026-06-08T23:04:39.639-04:00  INFO 7668 --- [promociones] [http-nio-8088-exec-1] o.s.web.servlet.DispatcherServlet        : Initializing Servlet 'dispatcherServlet'
2026-06-08T23:04:39.640-04:00 DEBUG 7668 --- [promociones] [http-nio-8088-exec-1] o.s.web.servlet.DispatcherServlet        : Detected StandardServletMultipartResolver
2026-06-08T23:04:39.640-04:00 DEBUG 7668 --- [promociones] [http-nio-8088-exec-1] o.s.web.servlet.DispatcherServlet        : Detected AcceptHeaderLocaleResolver
2026-06-08T23:04:39.641-04:00 DEBUG 7668 --- [promociones] [http-nio-8088-exec-1] o.s.web.servlet.DispatcherServlet        : Detected org.springframework.web.servlet.view.DefaultRequestToViewNameTranslator@bd8f424
2026-06-08T23:04:39.641-04:00 DEBUG 7668 --- [promociones] [http-nio-8088-exec-1] o.s.web.servlet.DispatcherServlet        : Detected org.springframework.web.servlet.support.SessionFlashMapManager@b768e4d
2026-06-08T23:04:39.641-04:00 DEBUG 7668 --- [promociones] [http-nio-8088-exec-1] o.s.web.servlet.DispatcherServlet        : enableLoggingRequestDetails='false': request parameters and headers will be masked to prevent unsafe logging of potentially sensitive data
2026-06-08T23:04:39.641-04:00  INFO 7668 --- [promociones] [http-nio-8088-exec-1] o.s.web.servlet.DispatcherServlet        : Completed initialization in 1 ms
2026-06-08T23:04:39.645-04:00 DEBUG 7668 --- [promociones] [http-nio-8088-exec-1] o.s.web.servlet.DispatcherServlet        : GET "/api/doc/swagger-ui/index.html", parameters={}
2026-06-08T23:04:39.645-04:00 DEBUG 7668 --- [promociones] [http-nio-8088-exec-1] o.s.w.s.handler.SimpleUrlHandlerMapping  : Mapped to ResourceHttpRequestHandler [classpath [META-INF/resources/webjars/]]
2026-06-08T23:04:39.670-04:00 DEBUG 7668 --- [promociones] [http-nio-8088-exec-1] o.s.web.servlet.DispatcherServlet        : Completed 200 OK
2026-06-08T23:04:39.677-04:00 DEBUG 7668 --- [promociones] [http-nio-8088-exec-2] o.s.web.servlet.DispatcherServlet        : GET "/api/doc/swagger-ui/swagger-ui.css", parameters={}
2026-06-08T23:04:39.677-04:00 DEBUG 7668 --- [promociones] [http-nio-8088-exec-4] o.s.web.servlet.DispatcherServlet        : GET "/api/doc/swagger-ui/index.css", parameters={}
2026-06-08T23:04:39.678-04:00 DEBUG 7668 --- [promociones] [http-nio-8088-exec-4] o.s.w.s.handler.SimpleUrlHandlerMapping  : Mapped to ResourceHttpRequestHandler [classpath [META-INF/resources/webjars/]]
2026-06-08T23:04:39.678-04:00 DEBUG 7668 --- [promociones] [http-nio-8088-exec-2] o.s.w.s.handler.SimpleUrlHandlerMapping  : Mapped to ResourceHttpRequestHandler [classpath [META-INF/resources/webjars/]]
2026-06-08T23:04:39.679-04:00 DEBUG 7668 --- [promociones] [http-nio-8088-exec-3] o.s.web.servlet.DispatcherServlet        : GET "/api/doc/swagger-ui/swagger-ui-bundle.js", parameters={}
2026-06-08T23:04:39.679-04:00 DEBUG 7668 --- [promociones] [http-nio-8088-exec-3] o.s.w.s.handler.SimpleUrlHandlerMapping  : Mapped to ResourceHttpRequestHandler [classpath [META-INF/resources/webjars/]]
2026-06-08T23:04:39.680-04:00 DEBUG 7668 --- [promociones] [http-nio-8088-exec-5] o.s.web.servlet.DispatcherServlet        : GET "/api/doc/swagger-ui/swagger-ui-standalone-preset.js", parameters={}
2026-06-08T23:04:39.680-04:00 DEBUG 7668 --- [promociones] [http-nio-8088-exec-8] o.s.web.servlet.DispatcherServlet        : GET "/api/doc/swagger-ui/swagger-initializer.js", parameters={}
2026-06-08T23:04:39.680-04:00 DEBUG 7668 --- [promociones] [http-nio-8088-exec-5] o.s.w.s.handler.SimpleUrlHandlerMapping  : Mapped to ResourceHttpRequestHandler [classpath [META-INF/resources/webjars/]]
2026-06-08T23:04:39.680-04:00 DEBUG 7668 --- [promociones] [http-nio-8088-exec-8] o.s.w.s.handler.SimpleUrlHandlerMapping  : Mapped to ResourceHttpRequestHandler [classpath [META-INF/resources/webjars/]]
2026-06-08T23:04:39.681-04:00 DEBUG 7668 --- [promociones] [http-nio-8088-exec-4] o.s.web.servlet.DispatcherServlet        : Completed 200 OK
2026-06-08T23:04:39.682-04:00 DEBUG 7668 --- [promociones] [http-nio-8088-exec-2] o.s.web.servlet.DispatcherServlet        : Completed 200 OK
2026-06-08T23:04:39.684-04:00 DEBUG 7668 --- [promociones] [http-nio-8088-exec-5] o.s.web.servlet.DispatcherServlet        : Completed 200 OK
2026-06-08T23:04:39.696-04:00 DEBUG 7668 --- [promociones] [http-nio-8088-exec-8] o.s.web.servlet.DispatcherServlet        : Completed 200 OK
2026-06-08T23:04:39.696-04:00 DEBUG 7668 --- [promociones] [http-nio-8088-exec-3] o.s.web.servlet.DispatcherServlet        : Completed 200 OK
2026-06-08T23:04:39.792-04:00 DEBUG 7668 --- [promociones] [http-nio-8088-exec-7] o.s.web.servlet.DispatcherServlet        : GET "/api/v3/api-docs/swagger-config", parameters={}
2026-06-08T23:04:39.794-04:00 DEBUG 7668 --- [promociones] [http-nio-8088-exec-7] s.w.s.m.m.a.RequestMappingHandlerMapping : Mapped to org.springdoc.webmvc.ui.SwaggerConfigResource#openapiJson(HttpServletRequest)
2026-06-08T23:04:39.794-04:00 DEBUG 7668 --- [promociones] [http-nio-8088-exec-6] o.s.web.servlet.DispatcherServlet        : GET "/api/doc/swagger-ui/favicon-32x32.png", parameters={}
2026-06-08T23:04:39.795-04:00 DEBUG 7668 --- [promociones] [http-nio-8088-exec-6] o.s.w.s.handler.SimpleUrlHandlerMapping  : Mapped to ResourceHttpRequestHandler [classpath [META-INF/resources/webjars/]]
2026-06-08T23:04:39.797-04:00 DEBUG 7668 --- [promociones] [http-nio-8088-exec-6] o.s.web.servlet.DispatcherServlet        : Completed 200 OK
2026-06-08T23:04:39.805-04:00 DEBUG 7668 --- [promociones] [http-nio-8088-exec-7] m.m.a.RequestResponseBodyMethodProcessor : Using 'application/json', given [*/*] and supported [application/json]
2026-06-08T23:04:39.806-04:00 DEBUG 7668 --- [promociones] [http-nio-8088-exec-7] m.m.a.RequestResponseBodyMethodProcessor : Writing [{configUrl=/api/v3/api-docs/swagger-config, oauth2RedirectUrl=http://localhost:8088/api/doc/swagger- (truncated)...]
2026-06-08T23:04:39.824-04:00 DEBUG 7668 --- [promociones] [http-nio-8088-exec-7] o.s.web.servlet.DispatcherServlet        : Completed 200 OK
2026-06-08T23:04:39.831-04:00 DEBUG 7668 --- [promociones] [http-nio-8088-exec-9] o.s.web.servlet.DispatcherServlet        : GET "/api/v3/api-docs", parameters={}
2026-06-08T23:04:39.832-04:00 DEBUG 7668 --- [promociones] [http-nio-8088-exec-9] s.w.s.m.m.a.RequestMappingHandlerMapping : Mapped to org.springdoc.webmvc.api.OpenApiWebMvcResource#openapiJson(HttpServletRequest, String, Locale)
2026-06-08T23:04:40.075-04:00 DEBUG 7668 --- [promociones] [http-nio-8088-exec-9] m.m.a.RequestResponseBodyMethodProcessor : Using 'application/json', given [application/json, */*] and supported [application/json]
2026-06-08T23:04:40.075-04:00 DEBUG 7668 --- [promociones] [http-nio-8088-exec-9] m.m.a.RequestResponseBodyMethodProcessor : Writing [{7b226f70656e617069223a22332e312e30222c22696e666f223a7b227469746c65223a2241504920323032362050726f6d6 (truncated)...]
2026-06-08T23:04:40.075-04:00 DEBUG 7668 --- [promociones] [http-nio-8088-exec-9] o.s.web.servlet.DispatcherServlet        : Completed 200 OK
2026-06-08T23:04:49.466-04:00 DEBUG 7668 --- [promociones] [http-nio-8088-exec-10] o.s.web.servlet.DispatcherServlet        : GET "/api/promociones", parameters={}
2026-06-08T23:04:49.467-04:00 DEBUG 7668 --- [promociones] [http-nio-8088-exec-10] s.w.s.m.m.a.RequestMappingHandlerMapping : Mapped to cl.kiosko.ms_promociones.Controller.PromocionController#listarPromociones()
2026-06-08T23:04:49.496-04:00 DEBUG 7668 --- [promociones] [http-nio-8088-exec-10] o.s.w.s.m.m.a.HttpEntityMethodProcessor  : Using 'application/json', given [*/*] and supported [application/json, application/*+json, application/yaml]
2026-06-08T23:04:49.506-04:00 DEBUG 7668 --- [promociones] [http-nio-8088-exec-10] o.s.w.s.m.m.a.HttpEntityMethodProcessor  : Writing [[PromocionResponseDTO(promocionId=1, nombre=Descuento Estudiantes 2027, porcentajeDescuento=31.8, fe (truncated)...]
2026-06-08T23:04:49.527-04:00 DEBUG 7668 --- [promociones] [http-nio-8088-exec-10] o.s.web.servlet.DispatcherServlet        : Completed 200 OK
2026-06-08T23:05:06.050-04:00 DEBUG 7668 --- [promociones] [http-nio-8088-exec-1] o.s.web.servlet.DispatcherServlet        : POST "/api/producto_promocion/promocion/1", parameters={}
2026-06-08T23:05:06.050-04:00 DEBUG 7668 --- [promociones] [http-nio-8088-exec-1] s.w.s.m.m.a.RequestMappingHandlerMapping : Mapped to cl.kiosko.ms_promociones.Controller.ProductoPromocionController#asignarProducto(Long, ProductoPromocionRequestDTO)
2026-06-08T23:05:06.079-04:00 DEBUG 7668 --- [promociones] [http-nio-8088-exec-1] m.m.a.RequestResponseBodyMethodProcessor : Read "application/json;charset=UTF-8" to [ProductoPromocionRequestDTO(productoId=9007199254740991)]
2026-06-08T23:05:06.090-04:00  INFO 7668 --- [promociones] [http-nio-8088-exec-1] c.k.m.Service.ProductoPromocionService   : Agregando producto ID 9007199254740991 a la promoción ID 1
2026-06-08T23:05:06.094-04:00  INFO 7668 --- [promociones] [http-nio-8088-exec-1] c.k.m.Service.ProductoPromocionService   : Validando existencia del producto ID: 9007199254740991 para asignarlo a una promoción
2026-06-08T23:05:06.132-04:00 DEBUG 7668 --- [promociones] [http-nio-8088-exec-1] o.s.w.r.f.client.ExchangeFunctions       : [617a6827] HTTP GET http://localhost:8080/api/v1/productos/9007199254740991
2026-06-08T23:05:06.319-04:00 ERROR 7668 --- [promociones] [http-nio-8088-exec-1] c.k.m.Service.ProductoPromocionService   : Error al conectar con ms_inventario: Connection refused: getsockopt: localhost/127.0.0.1:8080
2026-06-08T23:05:06.334-04:00 DEBUG 7668 --- [promociones] [http-nio-8088-exec-1] .m.m.a.ExceptionHandlerExceptionResolver : Using @ExceptionHandler cl.kiosko.ms_promociones.Exception.GlobalHandlerException#handleAllException(Exception)
2026-06-08T23:05:06.334-04:00 DEBUG 7668 --- [promociones] [http-nio-8088-exec-1] o.s.w.s.m.m.a.HttpEntityMethodProcessor  : Using 'application/json', given [*/*] and supported [application/json, application/*+json, application/yaml]
2026-06-08T23:05:06.339-04:00 DEBUG 7668 --- [promociones] [http-nio-8088-exec-1] o.s.w.s.m.m.a.HttpEntityMethodProcessor  : Writing [ExceptionDTO(code=500, type=Internal Server Error, date=Mon Jun 08 23:05:06 GMT-04:00 2026, message= (truncated)...]
2026-06-08T23:05:06.339-04:00 DEBUG 7668 --- [promociones] [http-nio-8088-exec-1] .m.m.a.ExceptionHandlerExceptionResolver : Resolved [java.lang.RuntimeException: Error de comunicación con el servicio de inventario.]
2026-06-08T23:05:06.339-04:00 DEBUG 7668 --- [promociones] [http-nio-8088-exec-1] o.s.web.servlet.DispatcherServlet        : Completed 500 INTERNAL_SERVER_ERROR
2026-06-08T23:05:31.021-04:00 DEBUG 7668 --- [promociones] [http-nio-8088-exec-4] o.s.web.servlet.DispatcherServlet        : GET "/api/promociones/2", parameters={}
2026-06-08T23:05:31.023-04:00 DEBUG 7668 --- [promociones] [http-nio-8088-exec-4] s.w.s.m.m.a.RequestMappingHandlerMapping : Mapped to cl.kiosko.ms_promociones.Controller.PromocionController#obtenerPromocionID(Long)
2026-06-08T23:05:31.023-04:00 DEBUG 7668 --- [promociones] [http-nio-8088-exec-4] o.s.w.s.m.m.a.HttpEntityMethodProcessor  : Using 'application/json', given [*/*] and supported [application/json, application/*+json, application/yaml]
2026-06-08T23:05:31.023-04:00 DEBUG 7668 --- [promociones] [http-nio-8088-exec-4] o.s.w.s.m.m.a.HttpEntityMethodProcessor  : Writing [PromocionResponseDTO(promocionId=2, nombre=Promo Verano 2025, porcentajeDescuento=8.3, fechaInicio=2 (truncated)...]
2026-06-08T23:05:31.023-04:00 DEBUG 7668 --- [promociones] [http-nio-8088-exec-4] o.s.web.servlet.DispatcherServlet        : Completed 200 OK
2026-06-08T23:06:26.395-04:00 DEBUG 7668 --- [promociones] [http-nio-8088-exec-8] o.s.web.servlet.DispatcherServlet        : POST "/api/promociones", parameters={}
2026-06-08T23:06:26.396-04:00 DEBUG 7668 --- [promociones] [http-nio-8088-exec-8] s.w.s.m.m.a.RequestMappingHandlerMapping : Mapped to cl.kiosko.ms_promociones.Controller.PromocionController#crearPromocion(PromocionRequestDTO)
2026-06-08T23:06:26.400-04:00 DEBUG 7668 --- [promociones] [http-nio-8088-exec-8] m.m.a.RequestResponseBodyMethodProcessor : Read "application/json;charset=UTF-8" to [PromocionRequestDTO(nombre=Javiera me gustas, porcentajeDescuento=100.0, fechaInicio=2026-06-08, fec (truncated)...]
2026-06-08T23:06:26.403-04:00 DEBUG 7668 --- [promociones] [http-nio-8088-exec-8] .m.m.a.ExceptionHandlerExceptionResolver : Using @ExceptionHandler cl.kiosko.ms_promociones.Exception.GlobalHandlerException#handleAllException(Exception)
2026-06-08T23:06:26.403-04:00 DEBUG 7668 --- [promociones] [http-nio-8088-exec-8] o.s.w.s.m.m.a.HttpEntityMethodProcessor  : Using 'application/json', given [*/*] and supported [application/json, application/*+json, application/yaml]
2026-06-08T23:06:26.403-04:00 DEBUG 7668 --- [promociones] [http-nio-8088-exec-8] o.s.w.s.m.m.a.HttpEntityMethodProcessor  : Writing [ExceptionDTO(code=500, type=Internal Server Error, date=Mon Jun 08 23:06:26 GMT-04:00 2026, message= (truncated)...]
2026-06-08T23:06:26.403-04:00 DEBUG 7668 --- [promociones] [http-nio-8088-exec-8] .m.m.a.ExceptionHandlerExceptionResolver : Resolved [org.springframework.web.bind.MethodArgumentNotValidException: Validation failed for argument [0] in public org.springframework.http.ResponseEntity<cl.kiosko.ms_promociones.DTO.PromocionResponseDTO> cl.kiosko.ms_promociones.Controller.PromocionController.crearPromocion(cl.kiosko.ms_promociones.DTO.PromocionRequestDTO): [Field error in object 'promocionRequestDTO' on field 'productoIds': rejected value [null]; codes [NotEmpty.promocionRequestDTO.productoIds,NotEmpty.productoIds,NotEmpty.java.util.List,NotEmpty]; arguments [org.springframework.context.support.DefaultMessageSourceResolvable: codes [promocionRequestDTO.productoIds,productoIds]; arguments []; default message [productoIds]]; default message [Debe asignar al menos un producto a la promoción]] ]
2026-06-08T23:06:26.403-04:00 DEBUG 7668 --- [promociones] [http-nio-8088-exec-8] o.s.web.servlet.DispatcherServlet        : Completed 500 INTERNAL_SERVER_ERROR
2026-06-08T23:07:42.292-04:00 DEBUG 7668 --- [promociones] [http-nio-8088-exec-6] o.s.web.servlet.DispatcherServlet        : POST "/api/promociones", parameters={}
2026-06-08T23:07:42.293-04:00 DEBUG 7668 --- [promociones] [http-nio-8088-exec-6] s.w.s.m.m.a.RequestMappingHandlerMapping : Mapped to cl.kiosko.ms_promociones.Controller.PromocionController#crearPromocion(PromocionRequestDTO)
2026-06-08T23:07:42.294-04:00 DEBUG 7668 --- [promociones] [http-nio-8088-exec-6] m.m.a.RequestResponseBodyMethodProcessor : Read "application/json;charset=UTF-8" to [PromocionRequestDTO(nombre=Javiera me gustas, porcentajeDescuento=100.0, fechaInicio=2026-06-08, fec (truncated)...]
2026-06-08T23:07:42.295-04:00 DEBUG 7668 --- [promociones] [http-nio-8088-exec-6] .m.m.a.ExceptionHandlerExceptionResolver : Using @ExceptionHandler cl.kiosko.ms_promociones.Exception.GlobalHandlerException#handleAllException(Exception)
2026-06-08T23:07:42.295-04:00 DEBUG 7668 --- [promociones] [http-nio-8088-exec-6] o.s.w.s.m.m.a.HttpEntityMethodProcessor  : Using 'application/json', given [*/*] and supported [application/json, application/*+json, application/yaml]
2026-06-08T23:07:42.295-04:00 DEBUG 7668 --- [promociones] [http-nio-8088-exec-6] o.s.w.s.m.m.a.HttpEntityMethodProcessor  : Writing [ExceptionDTO(code=500, type=Internal Server Error, date=Mon Jun 08 23:07:42 GMT-04:00 2026, message= (truncated)...]
2026-06-08T23:07:42.295-04:00 DEBUG 7668 --- [promociones] [http-nio-8088-exec-6] .m.m.a.ExceptionHandlerExceptionResolver : Resolved [org.springframework.web.bind.MethodArgumentNotValidException: Validation failed for argument [0] in public org.springframework.http.ResponseEntity<cl.kiosko.ms_promociones.DTO.PromocionResponseDTO> cl.kiosko.ms_promociones.Controller.PromocionController.crearPromocion(cl.kiosko.ms_promociones.DTO.PromocionRequestDTO): [Field error in object 'promocionRequestDTO' on field 'productoIds': rejected value [null]; codes [NotEmpty.promocionRequestDTO.productoIds,NotEmpty.productoIds,NotEmpty.java.util.List,NotEmpty]; arguments [org.springframework.context.support.DefaultMessageSourceResolvable: codes [promocionRequestDTO.productoIds,productoIds]; arguments []; default message [productoIds]]; default message [Debe asignar al menos un producto a la promoción]] ]
2026-06-08T23:07:42.295-04:00 DEBUG 7668 --- [promociones] [http-nio-8088-exec-6] o.s.web.servlet.DispatcherServlet        : Completed 500 INTERNAL_SERVER_ERROR
2026-06-08T23:08:00.141-04:00 DEBUG 7668 --- [promociones] [http-nio-8088-exec-7] o.s.web.servlet.DispatcherServlet        : POST "/api/promociones", parameters={}
2026-06-08T23:08:00.143-04:00 DEBUG 7668 --- [promociones] [http-nio-8088-exec-7] s.w.s.m.m.a.RequestMappingHandlerMapping : Mapped to cl.kiosko.ms_promociones.Controller.PromocionController#crearPromocion(PromocionRequestDTO)
2026-06-08T23:08:00.143-04:00 DEBUG 7668 --- [promociones] [http-nio-8088-exec-7] m.m.a.RequestResponseBodyMethodProcessor : Read "application/json;charset=UTF-8" to [PromocionRequestDTO(nombre=Javiera me gustas, porcentajeDescuento=100.0, fechaInicio=2026-06-08, fec (truncated)...]
2026-06-08T23:08:00.144-04:00 DEBUG 7668 --- [promociones] [http-nio-8088-exec-7] .m.m.a.ExceptionHandlerExceptionResolver : Using @ExceptionHandler cl.kiosko.ms_promociones.Exception.GlobalHandlerException#handleAllException(Exception)
2026-06-08T23:08:00.145-04:00 DEBUG 7668 --- [promociones] [http-nio-8088-exec-7] o.s.w.s.m.m.a.HttpEntityMethodProcessor  : Using 'application/json', given [*/*] and supported [application/json, application/*+json, application/yaml]
2026-06-08T23:08:00.145-04:00 DEBUG 7668 --- [promociones] [http-nio-8088-exec-7] o.s.w.s.m.m.a.HttpEntityMethodProcessor  : Writing [ExceptionDTO(code=500, type=Internal Server Error, date=Mon Jun 08 23:08:00 GMT-04:00 2026, message= (truncated)...]
2026-06-08T23:08:00.145-04:00 DEBUG 7668 --- [promociones] [http-nio-8088-exec-7] .m.m.a.ExceptionHandlerExceptionResolver : Resolved [org.springframework.web.bind.MethodArgumentNotValidException: Validation failed for argument [0] in public org.springframework.http.ResponseEntity<cl.kiosko.ms_promociones.DTO.PromocionResponseDTO> cl.kiosko.ms_promociones.Controller.PromocionController.crearPromocion(cl.kiosko.ms_promociones.DTO.PromocionRequestDTO): [Field error in object 'promocionRequestDTO' on field 'productoIds': rejected value [null]; codes [NotEmpty.promocionRequestDTO.productoIds,NotEmpty.productoIds,NotEmpty.java.util.List,NotEmpty]; arguments [org.springframework.context.support.DefaultMessageSourceResolvable: codes [promocionRequestDTO.productoIds,productoIds]; arguments []; default message [productoIds]]; default message [Debe asignar al menos un producto a la promoción]] ]
2026-06-08T23:08:00.149-04:00 DEBUG 7668 --- [promociones] [http-nio-8088-exec-7] o.s.web.servlet.DispatcherServlet        : Completed 500 INTERNAL_SERVER_ERROR
2026-06-08T23:11:06.932-04:00 DEBUG 7668 --- [promociones] [http-nio-8088-exec-9] o.s.web.servlet.DispatcherServlet        : POST "/api/promociones", parameters={}
2026-06-08T23:11:06.932-04:00 DEBUG 7668 --- [promociones] [http-nio-8088-exec-9] s.w.s.m.m.a.RequestMappingHandlerMapping : Mapped to cl.kiosko.ms_promociones.Controller.PromocionController#crearPromocion(PromocionRequestDTO)
2026-06-08T23:11:06.932-04:00 DEBUG 7668 --- [promociones] [http-nio-8088-exec-9] m.m.a.RequestResponseBodyMethodProcessor : Read "application/json;charset=UTF-8" to [PromocionRequestDTO(nombre=Javiera me gustas, porcentajeDescuento=100.0, fechaInicio=2026-06-08, fec (truncated)...]
2026-06-08T23:11:06.934-04:00 DEBUG 7668 --- [promociones] [http-nio-8088-exec-9] .m.m.a.ExceptionHandlerExceptionResolver : Using @ExceptionHandler cl.kiosko.ms_promociones.Exception.GlobalHandlerException#handleAllException(Exception)
2026-06-08T23:11:06.934-04:00 DEBUG 7668 --- [promociones] [http-nio-8088-exec-9] o.s.w.s.m.m.a.HttpEntityMethodProcessor  : Using 'application/json', given [*/*] and supported [application/json, application/*+json, application/yaml]
2026-06-08T23:11:06.934-04:00 DEBUG 7668 --- [promociones] [http-nio-8088-exec-9] o.s.w.s.m.m.a.HttpEntityMethodProcessor  : Writing [ExceptionDTO(code=500, type=Internal Server Error, date=Mon Jun 08 23:11:06 GMT-04:00 2026, message= (truncated)...]
2026-06-08T23:11:06.935-04:00 DEBUG 7668 --- [promociones] [http-nio-8088-exec-9] .m.m.a.ExceptionHandlerExceptionResolver : Resolved [org.springframework.web.bind.MethodArgumentNotValidException: Validation failed for argument [0] in public org.springframework.http.ResponseEntity<cl.kiosko.ms_promociones.DTO.PromocionResponseDTO> cl.kiosko.ms_promociones.Controller.PromocionController.crearPromocion(cl.kiosko.ms_promociones.DTO.PromocionRequestDTO): [Field error in object 'promocionRequestDTO' on field 'productoIds': rejected value [null]; codes [NotEmpty.promocionRequestDTO.productoIds,NotEmpty.productoIds,NotEmpty.java.util.List,NotEmpty]; arguments [org.springframework.context.support.DefaultMessageSourceResolvable: codes [promocionRequestDTO.productoIds,productoIds]; arguments []; default message [productoIds]]; default message [Debe asignar al menos un producto a la promoción]] ]
2026-06-08T23:11:06.935-04:00 DEBUG 7668 --- [promociones] [http-nio-8088-exec-9] o.s.web.servlet.DispatcherServlet        : Completed 500 INTERNAL_SERVER_ERROR
2026-06-08T23:14:19.217-04:00  INFO 9400 --- [promociones] [main] c.k.m.MsPromocionesApplication           : Starting MsPromocionesApplication using Java 25.0.2 with PID 9400 (C:\Users\erick\Downloads\FullStack\bibliotecaduoc-master\kiosko-promociones\target\classes started by erick in C:\Users\erick\Downloads\FullStack\bibliotecaduoc-master\kiosko-promociones)
2026-06-08T23:14:19.219-04:00  INFO 9400 --- [promociones] [main] c.k.m.MsPromocionesApplication           : No active profile set, falling back to 1 default profile: "default"
2026-06-08T23:14:20.873-04:00  WARN 9400 --- [promociones] [main] o.f.c.internal.database.base.Database    : Using MySQL 8.4 which is newer than the version Flyway has been verified with. The latest verified version of MySQL is 8.1.
2026-06-08T23:14:22.592-04:00  WARN 9400 --- [promociones] [main] JpaBaseConfiguration$JpaWebConfiguration : spring.jpa.open-in-view is enabled by default. Therefore, database queries may be performed during view rendering. Explicitly configure spring.jpa.open-in-view to disable this warning
2026-06-08T23:14:22.660-04:00 DEBUG 9400 --- [promociones] [main] s.w.s.m.m.a.RequestMappingHandlerMapping : 12 mappings in 'requestMappingHandlerMapping'
2026-06-08T23:14:22.681-04:00 DEBUG 9400 --- [promociones] [main] o.s.w.s.handler.SimpleUrlHandlerMapping  : Patterns [/webjars/**, /**, /doc/swagger-ui*/*swagger-initializer.js, /doc/swagger-ui*/**] in 'resourceHandlerMapping'
2026-06-08T23:14:22.701-04:00 DEBUG 9400 --- [promociones] [main] s.w.s.m.m.a.RequestMappingHandlerAdapter : ControllerAdvice beans: 0 @ModelAttribute, 0 @InitBinder, 2 RequestBodyAdvice, 1 ResponseBodyAdvice
2026-06-08T23:14:22.732-04:00 DEBUG 9400 --- [promociones] [main] .m.m.a.ExceptionHandlerExceptionResolver : ControllerAdvice beans: 2 @ExceptionHandler, 1 ResponseBodyAdvice
2026-06-08T23:14:22.879-04:00  INFO 9400 --- [promociones] [main] c.k.m.MsPromocionesApplication           : Started MsPromocionesApplication in 4.001 seconds (process running for 4.501)
2026-06-08T23:14:26.114-04:00  INFO 9400 --- [promociones] [http-nio-8088-exec-1] o.s.web.servlet.DispatcherServlet        : Initializing Servlet 'dispatcherServlet'
2026-06-08T23:14:26.115-04:00 DEBUG 9400 --- [promociones] [http-nio-8088-exec-1] o.s.web.servlet.DispatcherServlet        : Detected StandardServletMultipartResolver
2026-06-08T23:14:26.115-04:00 DEBUG 9400 --- [promociones] [http-nio-8088-exec-1] o.s.web.servlet.DispatcherServlet        : Detected AcceptHeaderLocaleResolver
2026-06-08T23:14:26.115-04:00 DEBUG 9400 --- [promociones] [http-nio-8088-exec-1] o.s.web.servlet.DispatcherServlet        : Detected org.springframework.web.servlet.view.DefaultRequestToViewNameTranslator@2bfe398b
2026-06-08T23:14:26.115-04:00 DEBUG 9400 --- [promociones] [http-nio-8088-exec-1] o.s.web.servlet.DispatcherServlet        : Detected org.springframework.web.servlet.support.SessionFlashMapManager@4e739968
2026-06-08T23:14:26.115-04:00 DEBUG 9400 --- [promociones] [http-nio-8088-exec-1] o.s.web.servlet.DispatcherServlet        : enableLoggingRequestDetails='false': request parameters and headers will be masked to prevent unsafe logging of potentially sensitive data
2026-06-08T23:14:26.115-04:00  INFO 9400 --- [promociones] [http-nio-8088-exec-1] o.s.web.servlet.DispatcherServlet        : Completed initialization in 0 ms
2026-06-08T23:14:26.123-04:00 DEBUG 9400 --- [promociones] [http-nio-8088-exec-1] o.s.web.servlet.DispatcherServlet        : POST "/api/promociones", parameters={}
2026-06-08T23:14:26.123-04:00 DEBUG 9400 --- [promociones] [http-nio-8088-exec-1] s.w.s.m.m.a.RequestMappingHandlerMapping : Mapped to cl.kiosko.ms_promociones.Controller.PromocionController#crearPromocion(PromocionRequestDTO)
2026-06-08T23:14:26.183-04:00 DEBUG 9400 --- [promociones] [http-nio-8088-exec-1] m.m.a.RequestResponseBodyMethodProcessor : Read "application/json;charset=UTF-8" to [PromocionRequestDTO(nombre=Javiera me gustas, porcentajeDescuento=100.0, fechaInicio=2026-06-08, fec (truncated)...]
2026-06-08T23:14:26.211-04:00 DEBUG 9400 --- [promociones] [http-nio-8088-exec-1] .m.m.a.ExceptionHandlerExceptionResolver : Using @ExceptionHandler cl.kiosko.ms_promociones.Exception.GlobalHandlerException#handleAllException(Exception)
2026-06-08T23:14:26.221-04:00 DEBUG 9400 --- [promociones] [http-nio-8088-exec-1] o.s.w.s.m.m.a.HttpEntityMethodProcessor  : Using 'application/json', given [*/*] and supported [application/json, application/*+json, application/yaml]
2026-06-08T23:14:26.221-04:00 DEBUG 9400 --- [promociones] [http-nio-8088-exec-1] o.s.w.s.m.m.a.HttpEntityMethodProcessor  : Writing [ExceptionDTO(code=500, type=Internal Server Error, date=Mon Jun 08 23:14:26 GMT-04:00 2026, message= (truncated)...]
2026-06-08T23:14:26.241-04:00 DEBUG 9400 --- [promociones] [http-nio-8088-exec-1] .m.m.a.ExceptionHandlerExceptionResolver : Resolved [org.springframework.web.bind.MethodArgumentNotValidException: Validation failed for argument [0] in public org.springframework.http.ResponseEntity<cl.kiosko.ms_promociones.DTO.PromocionResponseDTO> cl.kiosko.ms_promociones.Controller.PromocionController.crearPromocion(cl.kiosko.ms_promociones.DTO.PromocionRequestDTO): [Field error in object 'promocionRequestDTO' on field 'productosId': rejected value [null]; codes [NotEmpty.promocionRequestDTO.productosId,NotEmpty.productosId,NotEmpty.java.util.List,NotEmpty]; arguments [org.springframework.context.support.DefaultMessageSourceResolvable: codes [promocionRequestDTO.productosId,productosId]; arguments []; default message [productosId]]; default message [Debe asignar al menos un producto a la promoción]] ]
2026-06-08T23:14:26.241-04:00 DEBUG 9400 --- [promociones] [http-nio-8088-exec-1] o.s.web.servlet.DispatcherServlet        : Completed 500 INTERNAL_SERVER_ERROR
2026-06-08T23:14:28.747-04:00 DEBUG 9400 --- [promociones] [http-nio-8088-exec-2] o.s.web.servlet.DispatcherServlet        : GET "/api/doc/swagger-ui/index.html", parameters={}
2026-06-08T23:14:28.751-04:00 DEBUG 9400 --- [promociones] [http-nio-8088-exec-2] o.s.w.s.handler.SimpleUrlHandlerMapping  : Mapped to ResourceHttpRequestHandler [classpath [META-INF/resources/webjars/]]
2026-06-08T23:14:28.762-04:00 DEBUG 9400 --- [promociones] [http-nio-8088-exec-2] o.s.web.servlet.DispatcherServlet        : Completed 304 NOT_MODIFIED
2026-06-08T23:14:28.762-04:00 DEBUG 9400 --- [promociones] [http-nio-8088-exec-3] o.s.web.servlet.DispatcherServlet        : GET "/api/doc/swagger-ui/swagger-initializer.js", parameters={}
2026-06-08T23:14:28.771-04:00 DEBUG 9400 --- [promociones] [http-nio-8088-exec-3] o.s.w.s.handler.SimpleUrlHandlerMapping  : Mapped to ResourceHttpRequestHandler [classpath [META-INF/resources/webjars/]]
2026-06-08T23:14:28.784-04:00 DEBUG 9400 --- [promociones] [http-nio-8088-exec-3] o.s.web.servlet.DispatcherServlet        : Completed 200 OK
2026-06-08T23:14:28.897-04:00 DEBUG 9400 --- [promociones] [http-nio-8088-exec-7] o.s.web.servlet.DispatcherServlet        : GET "/api/v3/api-docs/swagger-config", parameters={}
2026-06-08T23:14:28.898-04:00 DEBUG 9400 --- [promociones] [http-nio-8088-exec-7] s.w.s.m.m.a.RequestMappingHandlerMapping : Mapped to org.springdoc.webmvc.ui.SwaggerConfigResource#openapiJson(HttpServletRequest)
2026-06-08T23:14:28.900-04:00 DEBUG 9400 --- [promociones] [http-nio-8088-exec-7] m.m.a.RequestResponseBodyMethodProcessor : Using 'application/json', given [*/*] and supported [application/json]
2026-06-08T23:14:28.900-04:00 DEBUG 9400 --- [promociones] [http-nio-8088-exec-7] m.m.a.RequestResponseBodyMethodProcessor : Writing [{configUrl=/api/v3/api-docs/swagger-config, oauth2RedirectUrl=http://localhost:8088/api/doc/swagger- (truncated)...]
2026-06-08T23:14:28.904-04:00 DEBUG 9400 --- [promociones] [http-nio-8088-exec-7] o.s.web.servlet.DispatcherServlet        : Completed 200 OK
2026-06-08T23:14:28.910-04:00 DEBUG 9400 --- [promociones] [http-nio-8088-exec-5] o.s.web.servlet.DispatcherServlet        : GET "/api/v3/api-docs", parameters={}
2026-06-08T23:14:28.911-04:00 DEBUG 9400 --- [promociones] [http-nio-8088-exec-5] s.w.s.m.m.a.RequestMappingHandlerMapping : Mapped to org.springdoc.webmvc.api.OpenApiWebMvcResource#openapiJson(HttpServletRequest, String, Locale)
2026-06-08T23:14:29.131-04:00 DEBUG 9400 --- [promociones] [http-nio-8088-exec-5] m.m.a.RequestResponseBodyMethodProcessor : Using 'application/json', given [application/json, */*] and supported [application/json]
2026-06-08T23:14:29.134-04:00 DEBUG 9400 --- [promociones] [http-nio-8088-exec-5] m.m.a.RequestResponseBodyMethodProcessor : Writing [{7b226f70656e617069223a22332e312e30222c22696e666f223a7b227469746c65223a2241504920323032362050726f6d6 (truncated)...]
2026-06-08T23:14:29.134-04:00 DEBUG 9400 --- [promociones] [http-nio-8088-exec-5] o.s.web.servlet.DispatcherServlet        : Completed 200 OK
2026-06-08T23:14:58.140-04:00 DEBUG 9400 --- [promociones] [http-nio-8088-exec-6] o.s.web.servlet.DispatcherServlet        : POST "/api/promociones", parameters={}
2026-06-08T23:14:58.141-04:00 DEBUG 9400 --- [promociones] [http-nio-8088-exec-6] s.w.s.m.m.a.RequestMappingHandlerMapping : Mapped to cl.kiosko.ms_promociones.Controller.PromocionController#crearPromocion(PromocionRequestDTO)
2026-06-08T23:14:58.142-04:00 DEBUG 9400 --- [promociones] [http-nio-8088-exec-6] m.m.a.RequestResponseBodyMethodProcessor : Read "application/json;charset=UTF-8" to [PromocionRequestDTO(nombre=Javiera me gustas, porcentajeDescuento=100.0, fechaInicio=2026-06-08, fec (truncated)...]
2026-06-08T23:14:58.142-04:00 DEBUG 9400 --- [promociones] [http-nio-8088-exec-6] .m.m.a.ExceptionHandlerExceptionResolver : Using @ExceptionHandler cl.kiosko.ms_promociones.Exception.GlobalHandlerException#handleAllException(Exception)
2026-06-08T23:14:58.142-04:00 DEBUG 9400 --- [promociones] [http-nio-8088-exec-6] o.s.w.s.m.m.a.HttpEntityMethodProcessor  : Using 'application/json', given [*/*] and supported [application/json, application/*+json, application/yaml]
2026-06-08T23:14:58.142-04:00 DEBUG 9400 --- [promociones] [http-nio-8088-exec-6] o.s.w.s.m.m.a.HttpEntityMethodProcessor  : Writing [ExceptionDTO(code=500, type=Internal Server Error, date=Mon Jun 08 23:14:58 GMT-04:00 2026, message= (truncated)...]
2026-06-08T23:14:58.142-04:00 DEBUG 9400 --- [promociones] [http-nio-8088-exec-6] .m.m.a.ExceptionHandlerExceptionResolver : Resolved [org.springframework.web.bind.MethodArgumentNotValidException: Validation failed for argument [0] in public org.springframework.http.ResponseEntity<cl.kiosko.ms_promociones.DTO.PromocionResponseDTO> cl.kiosko.ms_promociones.Controller.PromocionController.crearPromocion(cl.kiosko.ms_promociones.DTO.PromocionRequestDTO): [Field error in object 'promocionRequestDTO' on field 'productosId': rejected value [null]; codes [NotEmpty.promocionRequestDTO.productosId,NotEmpty.productosId,NotEmpty.java.util.List,NotEmpty]; arguments [org.springframework.context.support.DefaultMessageSourceResolvable: codes [promocionRequestDTO.productosId,productosId]; arguments []; default message [productosId]]; default message [Debe asignar al menos un producto a la promoción]] ]
2026-06-08T23:14:58.142-04:00 DEBUG 9400 --- [promociones] [http-nio-8088-exec-6] o.s.web.servlet.DispatcherServlet        : Completed 500 INTERNAL_SERVER_ERROR
2026-06-08T23:16:52.181-04:00 DEBUG 9400 --- [promociones] [http-nio-8088-exec-8] o.s.web.servlet.DispatcherServlet        : POST "/api/promociones", parameters={}
2026-06-08T23:16:52.182-04:00 DEBUG 9400 --- [promociones] [http-nio-8088-exec-8] s.w.s.m.m.a.RequestMappingHandlerMapping : Mapped to cl.kiosko.ms_promociones.Controller.PromocionController#crearPromocion(PromocionRequestDTO)
2026-06-08T23:16:52.182-04:00 DEBUG 9400 --- [promociones] [http-nio-8088-exec-8] m.m.a.RequestResponseBodyMethodProcessor : Read "application/json;charset=UTF-8" to [PromocionRequestDTO(nombre=Javiera me gustas, porcentajeDescuento=100.0, fechaInicio=2026-06-08, fec (truncated)...]
2026-06-08T23:16:52.185-04:00  INFO 9400 --- [promociones] [http-nio-8088-exec-8] c.k.m.Service.PromocionService           : Creando promoción: Javiera me gustas
2026-06-08T23:16:52.185-04:00  INFO 9400 --- [promociones] [http-nio-8088-exec-8] c.k.m.Service.PromocionService           : Validando existencia masiva del producto ID: 666
2026-06-08T23:16:52.222-04:00 DEBUG 9400 --- [promociones] [http-nio-8088-exec-8] o.s.w.r.f.client.ExchangeFunctions       : [319d4cfb] HTTP GET http://localhost:8080/api/v1/productos/666
2026-06-08T23:16:52.412-04:00 DEBUG 9400 --- [promociones] [http-nio-8088-exec-8] .m.m.a.ExceptionHandlerExceptionResolver : Using @ExceptionHandler cl.kiosko.ms_promociones.Exception.GlobalHandlerException#handleAllException(Exception)
2026-06-08T23:16:52.412-04:00 DEBUG 9400 --- [promociones] [http-nio-8088-exec-8] o.s.w.s.m.m.a.HttpEntityMethodProcessor  : Using 'application/json', given [*/*] and supported [application/json, application/*+json, application/yaml]
2026-06-08T23:16:52.412-04:00 DEBUG 9400 --- [promociones] [http-nio-8088-exec-8] o.s.w.s.m.m.a.HttpEntityMethodProcessor  : Writing [ExceptionDTO(code=500, type=Internal Server Error, date=Mon Jun 08 23:16:52 GMT-04:00 2026, message= (truncated)...]
2026-06-08T23:16:52.412-04:00 DEBUG 9400 --- [promociones] [http-nio-8088-exec-8] .m.m.a.ExceptionHandlerExceptionResolver : Resolved [java.lang.RuntimeException: Error de comunicación con ms_inventario.]
2026-06-08T23:16:52.412-04:00 DEBUG 9400 --- [promociones] [http-nio-8088-exec-8] o.s.web.servlet.DispatcherServlet        : Completed 500 INTERNAL_SERVER_ERROR
2026-06-08T23:17:04.000-04:00 DEBUG 9400 --- [promociones] [http-nio-8088-exec-9] o.s.web.servlet.DispatcherServlet        : GET "/api/promociones/2", parameters={}
2026-06-08T23:17:04.000-04:00 DEBUG 9400 --- [promociones] [http-nio-8088-exec-9] s.w.s.m.m.a.RequestMappingHandlerMapping : Mapped to cl.kiosko.ms_promociones.Controller.PromocionController#obtenerPromocionID(Long)
2026-06-08T23:17:04.034-04:00 DEBUG 9400 --- [promociones] [http-nio-8088-exec-9] o.s.w.s.m.m.a.HttpEntityMethodProcessor  : Using 'application/json', given [*/*] and supported [application/json, application/*+json, application/yaml]
2026-06-08T23:17:04.034-04:00 DEBUG 9400 --- [promociones] [http-nio-8088-exec-9] o.s.w.s.m.m.a.HttpEntityMethodProcessor  : Writing [PromocionResponseDTO(promocionId=2, nombre=Promo Verano 2025, porcentajeDescuento=8.3, fechaInicio=2 (truncated)...]
2026-06-08T23:17:04.039-04:00 DEBUG 9400 --- [promociones] [http-nio-8088-exec-9] o.s.web.servlet.DispatcherServlet        : Completed 200 OK
2026-06-08T23:17:10.012-04:00 DEBUG 9400 --- [promociones] [http-nio-8088-exec-10] o.s.web.servlet.DispatcherServlet        : GET "/api/promociones", parameters={}
2026-06-08T23:17:10.012-04:00 DEBUG 9400 --- [promociones] [http-nio-8088-exec-10] s.w.s.m.m.a.RequestMappingHandlerMapping : Mapped to cl.kiosko.ms_promociones.Controller.PromocionController#listarPromociones()
2026-06-08T23:17:10.035-04:00 DEBUG 9400 --- [promociones] [http-nio-8088-exec-10] o.s.w.s.m.m.a.HttpEntityMethodProcessor  : Using 'application/json', given [*/*] and supported [application/json, application/*+json, application/yaml]
2026-06-08T23:17:10.035-04:00 DEBUG 9400 --- [promociones] [http-nio-8088-exec-10] o.s.w.s.m.m.a.HttpEntityMethodProcessor  : Writing [[PromocionResponseDTO(promocionId=1, nombre=Descuento Estudiantes 2027, porcentajeDescuento=31.8, fe (truncated)...]
2026-06-08T23:17:10.035-04:00 DEBUG 9400 --- [promociones] [http-nio-8088-exec-10] o.s.web.servlet.DispatcherServlet        : Completed 200 OK
2026-06-08T23:17:27.996-04:00 DEBUG 9400 --- [promociones] [http-nio-8088-exec-1] o.s.web.servlet.DispatcherServlet        : POST "/api/promociones", parameters={}
2026-06-08T23:17:27.996-04:00 DEBUG 9400 --- [promociones] [http-nio-8088-exec-1] s.w.s.m.m.a.RequestMappingHandlerMapping : Mapped to cl.kiosko.ms_promociones.Controller.PromocionController#crearPromocion(PromocionRequestDTO)
2026-06-08T23:17:27.999-04:00 DEBUG 9400 --- [promociones] [http-nio-8088-exec-1] o.s.web.method.HandlerMethod             : Could not resolve parameter [0] in public org.springframework.http.ResponseEntity<cl.kiosko.ms_promociones.DTO.PromocionResponseDTO> cl.kiosko.ms_promociones.Controller.PromocionController.crearPromocion(cl.kiosko.ms_promociones.DTO.PromocionRequestDTO): JSON parse error: Unexpected character (']' (code 93)): expected a value
2026-06-08T23:17:27.999-04:00 DEBUG 9400 --- [promociones] [http-nio-8088-exec-1] .m.m.a.ExceptionHandlerExceptionResolver : Using @ExceptionHandler cl.kiosko.ms_promociones.Exception.GlobalHandlerException#handleAllException(Exception)
2026-06-08T23:17:27.999-04:00 DEBUG 9400 --- [promociones] [http-nio-8088-exec-1] o.s.w.s.m.m.a.HttpEntityMethodProcessor  : Using 'application/json', given [*/*] and supported [application/json, application/*+json, application/yaml]
2026-06-08T23:17:27.999-04:00 DEBUG 9400 --- [promociones] [http-nio-8088-exec-1] o.s.w.s.m.m.a.HttpEntityMethodProcessor  : Writing [ExceptionDTO(code=500, type=Internal Server Error, date=Mon Jun 08 23:17:27 GMT-04:00 2026, message= (truncated)...]
2026-06-08T23:17:27.999-04:00 DEBUG 9400 --- [promociones] [http-nio-8088-exec-1] .m.m.a.ExceptionHandlerExceptionResolver : Resolved [org.springframework.http.converter.HttpMessageNotReadableException: JSON parse error: Unexpected character (']' (code 93)): expected a value]
2026-06-08T23:17:27.999-04:00 DEBUG 9400 --- [promociones] [http-nio-8088-exec-1] o.s.web.servlet.DispatcherServlet        : Completed 500 INTERNAL_SERVER_ERROR
2026-06-08T23:17:36.089-04:00 DEBUG 9400 --- [promociones] [http-nio-8088-exec-2] o.s.web.servlet.DispatcherServlet        : POST "/api/promociones", parameters={}
2026-06-08T23:17:36.089-04:00 DEBUG 9400 --- [promociones] [http-nio-8088-exec-2] s.w.s.m.m.a.RequestMappingHandlerMapping : Mapped to cl.kiosko.ms_promociones.Controller.PromocionController#crearPromocion(PromocionRequestDTO)
2026-06-08T23:17:36.090-04:00 DEBUG 9400 --- [promociones] [http-nio-8088-exec-2] m.m.a.RequestResponseBodyMethodProcessor : Read "application/json;charset=UTF-8" to [PromocionRequestDTO(nombre=Javiera me gustas, porcentajeDescuento=100.0, fechaInicio=2026-06-08, fec (truncated)...]
2026-06-08T23:17:36.090-04:00  INFO 9400 --- [promociones] [http-nio-8088-exec-2] c.k.m.Service.PromocionService           : Creando promoción: Javiera me gustas
2026-06-08T23:17:36.090-04:00  INFO 9400 --- [promociones] [http-nio-8088-exec-2] c.k.m.Service.PromocionService           : Validando existencia masiva del producto ID: 4
2026-06-08T23:17:36.090-04:00 DEBUG 9400 --- [promociones] [http-nio-8088-exec-2] o.s.w.r.f.client.ExchangeFunctions       : [20a014e8] HTTP GET http://localhost:8080/api/v1/productos/4
2026-06-08T23:17:36.099-04:00 DEBUG 9400 --- [promociones] [http-nio-8088-exec-2] .m.m.a.ExceptionHandlerExceptionResolver : Using @ExceptionHandler cl.kiosko.ms_promociones.Exception.GlobalHandlerException#handleAllException(Exception)
2026-06-08T23:17:36.099-04:00 DEBUG 9400 --- [promociones] [http-nio-8088-exec-2] o.s.w.s.m.m.a.HttpEntityMethodProcessor  : Using 'application/json', given [*/*] and supported [application/json, application/*+json, application/yaml]
2026-06-08T23:17:36.099-04:00 DEBUG 9400 --- [promociones] [http-nio-8088-exec-2] o.s.w.s.m.m.a.HttpEntityMethodProcessor  : Writing [ExceptionDTO(code=500, type=Internal Server Error, date=Mon Jun 08 23:17:36 GMT-04:00 2026, message= (truncated)...]
2026-06-08T23:17:36.099-04:00 DEBUG 9400 --- [promociones] [http-nio-8088-exec-2] .m.m.a.ExceptionHandlerExceptionResolver : Resolved [java.lang.RuntimeException: Error de comunicación con ms_inventario.]
2026-06-08T23:17:36.099-04:00 DEBUG 9400 --- [promociones] [http-nio-8088-exec-2] o.s.web.servlet.DispatcherServlet        : Completed 500 INTERNAL_SERVER_ERROR
2026-06-08T23:17:41.047-04:00 DEBUG 9400 --- [promociones] [http-nio-8088-exec-3] o.s.web.servlet.DispatcherServlet        : GET "/api/promociones/2", parameters={}
2026-06-08T23:17:41.047-04:00 DEBUG 9400 --- [promociones] [http-nio-8088-exec-3] s.w.s.m.m.a.RequestMappingHandlerMapping : Mapped to cl.kiosko.ms_promociones.Controller.PromocionController#obtenerPromocionID(Long)
2026-06-08T23:17:41.049-04:00 DEBUG 9400 --- [promociones] [http-nio-8088-exec-3] o.s.w.s.m.m.a.HttpEntityMethodProcessor  : Using 'application/json', given [*/*] and supported [application/json, application/*+json, application/yaml]
2026-06-08T23:17:41.049-04:00 DEBUG 9400 --- [promociones] [http-nio-8088-exec-3] o.s.w.s.m.m.a.HttpEntityMethodProcessor  : Writing [PromocionResponseDTO(promocionId=2, nombre=Promo Verano 2025, porcentajeDescuento=8.3, fechaInicio=2 (truncated)...]
2026-06-08T23:17:41.049-04:00 DEBUG 9400 --- [promociones] [http-nio-8088-exec-3] o.s.web.servlet.DispatcherServlet        : Completed 200 OK
2026-06-08T23:17:45.836-04:00 DEBUG 9400 --- [promociones] [http-nio-8088-exec-7] o.s.web.servlet.DispatcherServlet        : DELETE "/api/promociones/2", parameters={}
2026-06-08T23:17:45.837-04:00 DEBUG 9400 --- [promociones] [http-nio-8088-exec-7] s.w.s.m.m.a.RequestMappingHandlerMapping : Mapped to cl.kiosko.ms_promociones.Controller.PromocionController#eliminarPromocion(Long)
2026-06-08T23:17:45.838-04:00  INFO 9400 --- [promociones] [http-nio-8088-exec-7] c.k.m.Service.PromocionService           : Eliminando promoción completa ID: 2
2026-06-08T23:17:45.885-04:00 DEBUG 9400 --- [promociones] [http-nio-8088-exec-7] o.s.w.s.m.m.a.HttpEntityMethodProcessor  : Using 'application/json', given [*/*] and supported [application/json, application/*+json, application/yaml]
2026-06-08T23:17:45.885-04:00 DEBUG 9400 --- [promociones] [http-nio-8088-exec-7] o.s.w.s.m.m.a.HttpEntityMethodProcessor  : Nothing to write: null body
2026-06-08T23:17:45.890-04:00 DEBUG 9400 --- [promociones] [http-nio-8088-exec-7] o.s.web.servlet.DispatcherServlet        : Completed 204 NO_CONTENT
2026-06-08T23:17:48.449-04:00 DEBUG 9400 --- [promociones] [http-nio-8088-exec-5] o.s.web.servlet.DispatcherServlet        : GET "/api/promociones/2", parameters={}
2026-06-08T23:17:48.450-04:00 DEBUG 9400 --- [promociones] [http-nio-8088-exec-5] s.w.s.m.m.a.RequestMappingHandlerMapping : Mapped to cl.kiosko.ms_promociones.Controller.PromocionController#obtenerPromocionID(Long)
2026-06-08T23:17:48.451-04:00 DEBUG 9400 --- [promociones] [http-nio-8088-exec-5] .m.m.a.ExceptionHandlerExceptionResolver : Using @ExceptionHandler cl.kiosko.ms_promociones.Exception.GlobalHandlerException#handleNotFound(NoSuchElementException)
2026-06-08T23:17:48.455-04:00 DEBUG 9400 --- [promociones] [http-nio-8088-exec-5] o.s.w.s.m.m.a.HttpEntityMethodProcessor  : Using 'application/json', given [*/*] and supported [application/json, application/*+json, application/yaml]
2026-06-08T23:17:48.455-04:00 DEBUG 9400 --- [promociones] [http-nio-8088-exec-5] o.s.w.s.m.m.a.HttpEntityMethodProcessor  : Writing [ExceptionDTO(code=404, type=Not Found, date=Mon Jun 08 23:17:48 GMT-04:00 2026, message=Promoción no (truncated)...]
2026-06-08T23:17:48.456-04:00 DEBUG 9400 --- [promociones] [http-nio-8088-exec-5] .m.m.a.ExceptionHandlerExceptionResolver : Resolved [java.util.NoSuchElementException: Promoción no encontrada.]
2026-06-08T23:17:48.456-04:00 DEBUG 9400 --- [promociones] [http-nio-8088-exec-5] o.s.web.servlet.DispatcherServlet        : Completed 404 NOT_FOUND
2026-06-08T23:17:57.808-04:00 DEBUG 9400 --- [promociones] [http-nio-8088-exec-6] o.s.web.servlet.DispatcherServlet        : POST "/api/producto_promocion/promocion/2", parameters={}
2026-06-08T23:17:57.810-04:00 DEBUG 9400 --- [promociones] [http-nio-8088-exec-6] s.w.s.m.m.a.RequestMappingHandlerMapping : Mapped to cl.kiosko.ms_promociones.Controller.ProductoPromocionController#asignarProducto(Long, ProductoPromocionRequestDTO)
2026-06-08T23:17:57.810-04:00 DEBUG 9400 --- [promociones] [http-nio-8088-exec-6] m.m.a.RequestResponseBodyMethodProcessor : Read "application/json;charset=UTF-8" to [ProductoPromocionRequestDTO(productoId=9007199254740991)]
2026-06-08T23:17:57.812-04:00  INFO 9400 --- [promociones] [http-nio-8088-exec-6] c.k.m.Service.ProductoPromocionService   : Agregando producto ID 9007199254740991 a la promoción ID 2
2026-06-08T23:17:57.812-04:00 DEBUG 9400 --- [promociones] [http-nio-8088-exec-6] .m.m.a.ExceptionHandlerExceptionResolver : Using @ExceptionHandler cl.kiosko.ms_promociones.Exception.GlobalHandlerException#handleNotFound(NoSuchElementException)
2026-06-08T23:17:57.812-04:00 DEBUG 9400 --- [promociones] [http-nio-8088-exec-6] o.s.w.s.m.m.a.HttpEntityMethodProcessor  : Using 'application/json', given [*/*] and supported [application/json, application/*+json, application/yaml]
2026-06-08T23:17:57.812-04:00 DEBUG 9400 --- [promociones] [http-nio-8088-exec-6] o.s.w.s.m.m.a.HttpEntityMethodProcessor  : Writing [ExceptionDTO(code=404, type=Not Found, date=Mon Jun 08 23:17:57 GMT-04:00 2026, message=La promoción (truncated)...]
2026-06-08T23:17:57.812-04:00 DEBUG 9400 --- [promociones] [http-nio-8088-exec-6] .m.m.a.ExceptionHandlerExceptionResolver : Resolved [java.util.NoSuchElementException: La promoción con ID 2 no existe.]
2026-06-08T23:17:57.812-04:00 DEBUG 9400 --- [promociones] [http-nio-8088-exec-6] o.s.web.servlet.DispatcherServlet        : Completed 404 NOT_FOUND
2026-06-08T23:18:04.748-04:00 DEBUG 9400 --- [promociones] [http-nio-8088-exec-4] o.s.web.servlet.DispatcherServlet        : POST "/api/producto_promocion/promocion/1", parameters={}
2026-06-08T23:18:04.748-04:00 DEBUG 9400 --- [promociones] [http-nio-8088-exec-4] s.w.s.m.m.a.RequestMappingHandlerMapping : Mapped to cl.kiosko.ms_promociones.Controller.ProductoPromocionController#asignarProducto(Long, ProductoPromocionRequestDTO)
2026-06-08T23:18:04.749-04:00 DEBUG 9400 --- [promociones] [http-nio-8088-exec-4] m.m.a.RequestResponseBodyMethodProcessor : Read "application/json;charset=UTF-8" to [ProductoPromocionRequestDTO(productoId=9007199254740991)]
2026-06-08T23:18:04.750-04:00  INFO 9400 --- [promociones] [http-nio-8088-exec-4] c.k.m.Service.ProductoPromocionService   : Agregando producto ID 9007199254740991 a la promoción ID 1
2026-06-08T23:18:04.753-04:00  INFO 9400 --- [promociones] [http-nio-8088-exec-4] c.k.m.Service.ProductoPromocionService   : Validando existencia del producto ID: 9007199254740991 para asignarlo a una promoción
2026-06-08T23:18:04.753-04:00 DEBUG 9400 --- [promociones] [http-nio-8088-exec-4] o.s.w.r.f.client.ExchangeFunctions       : [6b6cf687] HTTP GET http://localhost:8080/api/v1/productos/9007199254740991
2026-06-08T23:18:04.753-04:00 ERROR 9400 --- [promociones] [http-nio-8088-exec-4] c.k.m.Service.ProductoPromocionService   : Error al conectar con ms_inventario: Connection refused: getsockopt: localhost/127.0.0.1:8080
2026-06-08T23:18:04.757-04:00 DEBUG 9400 --- [promociones] [http-nio-8088-exec-4] .m.m.a.ExceptionHandlerExceptionResolver : Using @ExceptionHandler cl.kiosko.ms_promociones.Exception.GlobalHandlerException#handleAllException(Exception)
2026-06-08T23:18:04.757-04:00 DEBUG 9400 --- [promociones] [http-nio-8088-exec-4] o.s.w.s.m.m.a.HttpEntityMethodProcessor  : Using 'application/json', given [*/*] and supported [application/json, application/*+json, application/yaml]
2026-06-08T23:18:04.757-04:00 DEBUG 9400 --- [promociones] [http-nio-8088-exec-4] o.s.w.s.m.m.a.HttpEntityMethodProcessor  : Writing [ExceptionDTO(code=500, type=Internal Server Error, date=Mon Jun 08 23:18:04 GMT-04:00 2026, message= (truncated)...]
2026-06-08T23:18:04.757-04:00 DEBUG 9400 --- [promociones] [http-nio-8088-exec-4] .m.m.a.ExceptionHandlerExceptionResolver : Resolved [java.lang.RuntimeException: Error de comunicación con el servicio de inventario.]
2026-06-08T23:18:04.757-04:00 DEBUG 9400 --- [promociones] [http-nio-8088-exec-4] o.s.web.servlet.DispatcherServlet        : Completed 500 INTERNAL_SERVER_ERROR
